Using pre-set license
Built from '2020.3/staging' branch; Version is '2020.3.0f1 (c7b5465681fb) revision 13088070'; Using compiler version '192528614'; Build Type 'Release'
OS: 'Windows 10 Pro; OS build 19042.928; Version 2009; 64bit' Language: 'tr' Physical Memory: 32627 MB
BatchMode: 1, IsHumanControllingUs: 0, StartBugReporterOnCrash: 0, Is64bit: 1, IsPro: 0

 COMMAND LINE ARGUMENTS:
D:\Programlar\UnityEditors\2020.3.0f1\Editor\Unity.exe
-adb2
-batchMode
-noUpm
-name
AssetImportWorker3
-projectPath
D:/Projects/Unity Projects/Yapay Zeka - Ödev 1
-logFile
Logs/AssetImportWorker3.log
-srvPort
57210
Successfully changed project path to: D:/Projects/Unity Projects/Yapay Zeka - Ödev 1
D:/Projects/Unity Projects/Yapay Zeka - Ödev 1
Using Asset Import Pipeline V2.
Refreshing native plugins compatible for Editor in 45.55 ms, found 1 plugins.
Preloading 0 native plugins for Editor in 0.00 ms.
Initialize engine version: 2020.3.0f1 (c7b5465681fb)
[Subsystems] Discovering subsystems at path D:/Programlar/UnityEditors/2020.3.0f1/Editor/Data/Resources/UnitySubsystems
[Subsystems] Discovering subsystems at path D:/Projects/Unity Projects/Yapay Zeka - Ödev 1/Assets
GfxDevice: creating device client; threaded=0
Direct3D:
    Version:  Direct3D 11.0 [level 11.1]
    Renderer: Intel(R) UHD Graphics 630 (ID=0x3e98)
    Vendor:   
    VRAM:     16313 MB
    Driver:   26.20.100.7642
Initialize mono
Mono path[0] = 'D:/Programlar/UnityEditors/2020.3.0f1/Editor/Data/Managed'
Mono path[1] = 'D:/Programlar/UnityEditors/2020.3.0f1/Editor/Data/MonoBleedingEdge/lib/mono/unityjit'
Mono config path = 'D:/Programlar/UnityEditors/2020.3.0f1/Editor/Data/MonoBleedingEdge/etc'
Using monoOptions --debugger-agent=transport=dt_socket,embedding=1,server=y,suspend=n,address=127.0.0.1:56340
Begin MonoManager ReloadAssembly
Registering precompiled unity dll's ...
Register platform support module: D:/Programlar/UnityEditors/2020.3.0f1/Editor/Data/PlaybackEngines/WindowsStandaloneSupport/UnityEditor.WindowsStandalone.Extensions.dll
Registered in 0.000715 seconds.
Native extension for WindowsStandalone target not found
Refreshing native plugins compatible for Editor in 30.24 ms, found 1 plugins.
Preloading 0 native plugins for Editor in 0.00 ms.
Invoked RoslynAnalysisRunner static constructor.
RoslynAnalysisRunner will not be running.
RoslynAnalysisRunner has terminated.
Mono: successfully reloaded assembly
- Completed reload, in  1.771 seconds
Platform modules already initialized, skipping
Registering precompiled user dll's ...
Registered in 0.001275 seconds.
Begin MonoManager ReloadAssembly
Native extension for WindowsStandalone target not found
Refreshing native plugins compatible for Editor in 31.77 ms, found 1 plugins.
Preloading 0 native plugins for Editor in 0.00 ms.
Invoked RoslynAnalysisRunner static constructor.
RoslynAnalysisRunner will not be running.
RoslynAnalysisRunner has terminated.
Mono: successfully reloaded assembly
- Completed reload, in  0.807 seconds
Platform modules already initialized, skipping
========================================================================
Worker process is ready to serve import requests
Launched and connected shader compiler UnityShaderCompiler.exe after 0.05 seconds
Refreshing native plugins compatible for Editor in 0.34 ms, found 1 plugins.
Preloading 0 native plugins for Editor in 0.00 ms.
Unloading 1939 Unused Serialized files (Serialized files now loaded: 0)
System memory in use before: 90.5 MB.
System memory in use after: 90.5 MB.

Unloading 29 unused Assets to reduce memory usage. Loaded Objects now: 2386.
Total: 6.572300 ms (FindLiveObjects: 0.503000 ms CreateObjectMapping: 0.271300 ms MarkObjects: 5.334200 ms  DeleteObjects: 0.460500 ms)

========================================================================
Received Prepare
Registering precompiled user dll's ...
Registered in 0.001252 seconds.
Begin MonoManager ReloadAssembly
Native extension for WindowsStandalone target not found
Refreshing native plugins compatible for Editor in 0.32 ms, found 1 plugins.
Preloading 0 native plugins for Editor in 0.00 ms.
Invoked RoslynAnalysisRunner static constructor.
RoslynAnalysisRunner will not be running.
RoslynAnalysisRunner has terminated.
Mono: successfully reloaded assembly
- Completed reload, in  0.673 seconds
Platform modules already initialized, skipping
Refreshing native plugins compatible for Editor in 0.35 ms, found 1 plugins.
Preloading 0 native plugins for Editor in 0.00 ms.
Unloading 1929 Unused Serialized files (Serialized files now loaded: 0)
System memory in use before: 90.1 MB.
System memory in use after: 90.1 MB.

Unloading 17 unused Assets to reduce memory usage. Loaded Objects now: 2390.
Total: 2.155700 ms (FindLiveObjects: 0.247800 ms CreateObjectMapping: 0.139200 ms MarkObjects: 1.678200 ms  DeleteObjects: 0.088900 ms)

========================================================================
Received Import Request.
  path: Assets/Scenes/New Scene.unity
  artifactKey: Guid(96bdbd01daeddad4dbce7b5cd5516641) Importer(815301076,1909f56bfc062723c751e8b465ee728b)
Start importing Assets/Scenes/New Scene.unity using Guid(96bdbd01daeddad4dbce7b5cd5516641) Importer(815301076,1909f56bfc062723c751e8b465ee728b)  -> (artifact id: '066d835c5e13135150385389464ef519') in 0.010113 seconds
  Import took 0.012549 seconds .

========================================================================
Received Import Request.
  Time since last request: 0.000486 seconds.
  path: Assets/Scenes/New Scene.unity
  artifactKey: Guid(96bdbd01daeddad4dbce7b5cd5516641) Importer(815301076,1909f56bfc062723c751e8b465ee728b)
Start importing Assets/Scenes/New Scene.unity using Guid(96bdbd01daeddad4dbce7b5cd5516641) Importer(815301076,1909f56bfc062723c751e8b465ee728b)  -> (artifact id: '066d835c5e13135150385389464ef519') in 0.001662 seconds
  Import took 0.003956 seconds .

========================================================================
Received Import Request.
  Time since last request: 9.590806 seconds.
  path: Assets/Scenes/GeneticAlgorithm.unity
  artifactKey: Guid(2cda990e2423bbf4892e6590ba056729) Importer(815301076,1909f56bfc062723c751e8b465ee728b)
Start importing Assets/Scenes/GeneticAlgorithm.unity using Guid(2cda990e2423bbf4892e6590ba056729) Importer(815301076,1909f56bfc062723c751e8b465ee728b)  -> (artifact id: '9b4ccc76aded85226a7ea1343614e8b6') in 0.005732 seconds
  Import took 0.008274 seconds .

AssetImportWorkerClient::OnTransportError - code=2 error=End of file
