Using pre-set license
Built from '2020.3/staging' branch; Version is '2020.3.0f1 (c7b5465681fb) revision 13088070'; Using compiler version '192528614'; Build Type 'Release'
OS: 'Windows 10 Pro; OS build 19042.928; Version 2009; 64bit' Language: 'tr' Physical Memory: 32627 MB
BatchMode: 1, IsHumanControllingUs: 0, StartBugReporterOnCrash: 0, Is64bit: 1, IsPro: 0

 COMMAND LINE ARGUMENTS:
D:\Programlar\UnityEditors\2020.3.0f1\Editor\Unity.exe
-adb2
-batchMode
-noUpm
-name
AssetImportWorker1
-projectPath
D:/Projects/Unity Projects/Yapay Zeka - Ödev 1
-logFile
Logs/AssetImportWorker1.log
-srvPort
50310
Successfully changed project path to: D:/Projects/Unity Projects/Yapay Zeka - Ödev 1
D:/Projects/Unity Projects/Yapay Zeka - Ödev 1
Using Asset Import Pipeline V2.
Refreshing native plugins compatible for Editor in 26.58 ms, found 1 plugins.
Preloading 0 native plugins for Editor in 0.00 ms.
Initialize engine version: 2020.3.0f1 (c7b5465681fb)
[Subsystems] Discovering subsystems at path D:/Programlar/UnityEditors/2020.3.0f1/Editor/Data/Resources/UnitySubsystems
[Subsystems] Discovering subsystems at path D:/Projects/Unity Projects/Yapay Zeka - Ödev 1/Assets
GfxDevice: creating device client; threaded=0
Direct3D:
    Version:  Direct3D 11.0 [level 11.1]
    Renderer: Intel(R) UHD Graphics 630 (ID=0x3e98)
    Vendor:   
    VRAM:     16313 MB
    Driver:   26.20.100.7642
Initialize mono
Mono path[0] = 'D:/Programlar/UnityEditors/2020.3.0f1/Editor/Data/Managed'
Mono path[1] = 'D:/Programlar/UnityEditors/2020.3.0f1/Editor/Data/MonoBleedingEdge/lib/mono/unityjit'
Mono config path = 'D:/Programlar/UnityEditors/2020.3.0f1/Editor/Data/MonoBleedingEdge/etc'
Using monoOptions --debugger-agent=transport=dt_socket,embedding=1,server=y,suspend=n,address=127.0.0.1:56160
Begin MonoManager ReloadAssembly
Registering precompiled unity dll's ...
Register platform support module: D:/Programlar/UnityEditors/2020.3.0f1/Editor/Data/PlaybackEngines/WindowsStandaloneSupport/UnityEditor.WindowsStandalone.Extensions.dll
Registered in 0.000706 seconds.
Native extension for WindowsStandalone target not found
Refreshing native plugins compatible for Editor in 26.46 ms, found 1 plugins.
Preloading 0 native plugins for Editor in 0.00 ms.
Invoked RoslynAnalysisRunner static constructor.
RoslynAnalysisRunner will not be running.
RoslynAnalysisRunner has terminated.
Mono: successfully reloaded assembly
- Completed reload, in  1.408 seconds
Platform modules already initialized, skipping
Registering precompiled user dll's ...
Registered in 0.000469 seconds.
Begin MonoManager ReloadAssembly
Native extension for WindowsStandalone target not found
Refreshing native plugins compatible for Editor in 27.85 ms, found 1 plugins.
Preloading 0 native plugins for Editor in 0.00 ms.
Invoked RoslynAnalysisRunner static constructor.
RoslynAnalysisRunner will not be running.
RoslynAnalysisRunner has terminated.
Mono: successfully reloaded assembly
- Completed reload, in  0.726 seconds
Platform modules already initialized, skipping
========================================================================
Worker process is ready to serve import requests
Launched and connected shader compiler UnityShaderCompiler.exe after 0.05 seconds
Refreshing native plugins compatible for Editor in 0.27 ms, found 1 plugins.
Preloading 0 native plugins for Editor in 0.00 ms.
Unloading 1807 Unused Serialized files (Serialized files now loaded: 0)
System memory in use before: 84.7 MB.
System memory in use after: 84.7 MB.

Unloading 24 unused Assets to reduce memory usage. Loaded Objects now: 2251.
Total: 1.595200 ms (FindLiveObjects: 0.128100 ms CreateObjectMapping: 0.049900 ms MarkObjects: 1.328200 ms  DeleteObjects: 0.088300 ms)

========================================================================
Received Import Request.
  path: Assets/Resources/Prefabs/Cell.prefab
  artifactKey: Guid(dafd52c63f275654d88f7a78a8b2540e) Importer(815301076,1909f56bfc062723c751e8b465ee728b)
Start importing Assets/Resources/Prefabs/Cell.prefab using Guid(dafd52c63f275654d88f7a78a8b2540e) Importer(815301076,1909f56bfc062723c751e8b465ee728b)  -> (artifact id: '313f011f49ebac7cf9809ab99f86414c') in 0.037506 seconds
  Import took 0.039542 seconds .

========================================================================
Received Import Request.
  Time since last request: 4.895013 seconds.
  path: Assets/Resources/Prefabs/Cell.prefab
  artifactKey: Guid(dafd52c63f275654d88f7a78a8b2540e) Importer(815301076,1909f56bfc062723c751e8b465ee728b)
Start importing Assets/Resources/Prefabs/Cell.prefab using Guid(dafd52c63f275654d88f7a78a8b2540e) Importer(815301076,1909f56bfc062723c751e8b465ee728b)  -> (artifact id: '2745003f08390c3eee7a25b39b3a419b') in 0.003976 seconds
  Import took 0.006575 seconds .

========================================================================
Received Import Request.
  Time since last request: 4.258557 seconds.
  path: Assets/Resources/Prefabs/Cell.prefab
  artifactKey: Guid(dafd52c63f275654d88f7a78a8b2540e) Importer(815301076,1909f56bfc062723c751e8b465ee728b)
Start importing Assets/Resources/Prefabs/Cell.prefab using Guid(dafd52c63f275654d88f7a78a8b2540e) Importer(815301076,1909f56bfc062723c751e8b465ee728b)  -> (artifact id: '640fce66d1843e889dcd63258628c15f') in 0.002737 seconds
  Import took 0.004926 seconds .

========================================================================
Received Import Request.
  Time since last request: 15.728307 seconds.
  path: Assets/Resources/Prefabs/Cell.prefab
  artifactKey: Guid(dafd52c63f275654d88f7a78a8b2540e) Importer(815301076,1909f56bfc062723c751e8b465ee728b)
Start importing Assets/Resources/Prefabs/Cell.prefab using Guid(dafd52c63f275654d88f7a78a8b2540e) Importer(815301076,1909f56bfc062723c751e8b465ee728b)  -> (artifact id: '767d7c7fb8c8f998e36154176588fe6e') in 0.002956 seconds
  Import took 0.005292 seconds .

========================================================================
Received Import Request.
  Time since last request: 0.812004 seconds.
  path: Assets/Resources/Prefabs/Cell.prefab
  artifactKey: Guid(dafd52c63f275654d88f7a78a8b2540e) Importer(815301076,1909f56bfc062723c751e8b465ee728b)
Start importing Assets/Resources/Prefabs/Cell.prefab using Guid(dafd52c63f275654d88f7a78a8b2540e) Importer(815301076,1909f56bfc062723c751e8b465ee728b)  -> (artifact id: '669899ce1164163d63bb86704dc0f6b8') in 0.002722 seconds
  Import took 0.004907 seconds .

========================================================================
Received Import Request.
  Time since last request: 6.860006 seconds.
  path: Assets/Resources/Prefabs/Cell.prefab
  artifactKey: Guid(dafd52c63f275654d88f7a78a8b2540e) Importer(815301076,1909f56bfc062723c751e8b465ee728b)
Start importing Assets/Resources/Prefabs/Cell.prefab using Guid(dafd52c63f275654d88f7a78a8b2540e) Importer(815301076,1909f56bfc062723c751e8b465ee728b)  -> (artifact id: '3420d205a0c54dd439ef3bff36915cd7') in 0.003914 seconds
  Import took 0.006254 seconds .

========================================================================
Received Import Request.
  Time since last request: 0.621891 seconds.
  path: Assets/Resources/Prefabs/Cell.prefab
  artifactKey: Guid(dafd52c63f275654d88f7a78a8b2540e) Importer(815301076,1909f56bfc062723c751e8b465ee728b)
Start importing Assets/Resources/Prefabs/Cell.prefab using Guid(dafd52c63f275654d88f7a78a8b2540e) Importer(815301076,1909f56bfc062723c751e8b465ee728b)  -> (artifact id: 'ad852c675d4a3389dc68ab1d83d70b78') in 0.003274 seconds
  Import took 0.005587 seconds .

========================================================================
Received Import Request.
  Time since last request: 6.480409 seconds.
  path: Assets/Resources/Prefabs/Cell.prefab
  artifactKey: Guid(dafd52c63f275654d88f7a78a8b2540e) Importer(815301076,1909f56bfc062723c751e8b465ee728b)
Start importing Assets/Resources/Prefabs/Cell.prefab using Guid(dafd52c63f275654d88f7a78a8b2540e) Importer(815301076,1909f56bfc062723c751e8b465ee728b)  -> (artifact id: '5f3a719e28aeaa474b3d3612808cbb37') in 0.003279 seconds
  Import took 0.006180 seconds .

========================================================================
Received Import Request.
  Time since last request: 1.215913 seconds.
  path: Assets/Resources/Prefabs/Cell.prefab
  artifactKey: Guid(dafd52c63f275654d88f7a78a8b2540e) Importer(815301076,1909f56bfc062723c751e8b465ee728b)
Start importing Assets/Resources/Prefabs/Cell.prefab using Guid(dafd52c63f275654d88f7a78a8b2540e) Importer(815301076,1909f56bfc062723c751e8b465ee728b)  -> (artifact id: '255ab210ac3fa6675be7236bb489e240') in 0.002838 seconds
  Import took 0.005537 seconds .

========================================================================
Received Import Request.
  Time since last request: 0.796483 seconds.
  path: Assets/Resources/Prefabs/Cell.prefab
  artifactKey: Guid(dafd52c63f275654d88f7a78a8b2540e) Importer(815301076,1909f56bfc062723c751e8b465ee728b)
Start importing Assets/Resources/Prefabs/Cell.prefab using Guid(dafd52c63f275654d88f7a78a8b2540e) Importer(815301076,1909f56bfc062723c751e8b465ee728b)  -> (artifact id: 'adaabb386578e9edcb9219ab10c311e2') in 0.002955 seconds
  Import took 0.005223 seconds .

========================================================================
Received Import Request.
  Time since last request: 4.034668 seconds.
  path: Assets/Resources/Prefabs/Cell.prefab
  artifactKey: Guid(dafd52c63f275654d88f7a78a8b2540e) Importer(815301076,1909f56bfc062723c751e8b465ee728b)
Start importing Assets/Resources/Prefabs/Cell.prefab using Guid(dafd52c63f275654d88f7a78a8b2540e) Importer(815301076,1909f56bfc062723c751e8b465ee728b)  -> (artifact id: 'ff136009195f93467662aa81d417a6da') in 0.002826 seconds
  Import took 0.005347 seconds .

========================================================================
Received Import Request.
  Time since last request: 1.015457 seconds.
  path: Assets/Resources/Prefabs/Cell.prefab
  artifactKey: Guid(dafd52c63f275654d88f7a78a8b2540e) Importer(815301076,1909f56bfc062723c751e8b465ee728b)
Start importing Assets/Resources/Prefabs/Cell.prefab using Guid(dafd52c63f275654d88f7a78a8b2540e) Importer(815301076,1909f56bfc062723c751e8b465ee728b)  -> (artifact id: 'b0fb6ed22bbbb7e5e4a5dda6f54dbf34') in 0.002828 seconds
  Import took 0.005038 seconds .

========================================================================
Received Import Request.
  Time since last request: 6.718339 seconds.
  path: Assets/Resources/Prefabs/Cell.prefab
  artifactKey: Guid(dafd52c63f275654d88f7a78a8b2540e) Importer(815301076,1909f56bfc062723c751e8b465ee728b)
Start importing Assets/Resources/Prefabs/Cell.prefab using Guid(dafd52c63f275654d88f7a78a8b2540e) Importer(815301076,1909f56bfc062723c751e8b465ee728b)  -> (artifact id: '374154f161d77000cff78327882892da') in 0.003073 seconds
  Import took 0.005536 seconds .

========================================================================
Received Import Request.
  Time since last request: 9.863965 seconds.
  path: Assets/Resources/Prefabs/Cell.prefab
  artifactKey: Guid(dafd52c63f275654d88f7a78a8b2540e) Importer(815301076,1909f56bfc062723c751e8b465ee728b)
Start importing Assets/Resources/Prefabs/Cell.prefab using Guid(dafd52c63f275654d88f7a78a8b2540e) Importer(815301076,1909f56bfc062723c751e8b465ee728b)  -> (artifact id: '83a6c02d37e0b2e435fff5e824537a0a') in 0.002914 seconds
  Import took 0.005102 seconds .

========================================================================
Received Import Request.
  Time since last request: 0.209809 seconds.
  path: Assets/Resources/Prefabs/Cell.prefab
  artifactKey: Guid(dafd52c63f275654d88f7a78a8b2540e) Importer(815301076,1909f56bfc062723c751e8b465ee728b)
Start importing Assets/Resources/Prefabs/Cell.prefab using Guid(dafd52c63f275654d88f7a78a8b2540e) Importer(815301076,1909f56bfc062723c751e8b465ee728b)  -> (artifact id: 'c79c66aa663685044ee53dbc7c79358b') in 0.002880 seconds
  Import took 0.005071 seconds .

========================================================================
Received Import Request.
  Time since last request: 9.518367 seconds.
  path: Assets/Resources/Prefabs/Cell.prefab
  artifactKey: Guid(dafd52c63f275654d88f7a78a8b2540e) Importer(815301076,1909f56bfc062723c751e8b465ee728b)
Start importing Assets/Resources/Prefabs/Cell.prefab using Guid(dafd52c63f275654d88f7a78a8b2540e) Importer(815301076,1909f56bfc062723c751e8b465ee728b)  -> (artifact id: '7a8f022f9d0a6318310c7b1e2db9d237') in 0.003414 seconds
  Import took 0.005715 seconds .

========================================================================
Received Import Request.
  Time since last request: 0.623420 seconds.
  path: Assets/Resources/Prefabs/Cell.prefab
  artifactKey: Guid(dafd52c63f275654d88f7a78a8b2540e) Importer(815301076,1909f56bfc062723c751e8b465ee728b)
Start importing Assets/Resources/Prefabs/Cell.prefab using Guid(dafd52c63f275654d88f7a78a8b2540e) Importer(815301076,1909f56bfc062723c751e8b465ee728b)  -> (artifact id: 'd63301de8c2e488dcf3cd084145809e2') in 0.003217 seconds
  Import took 0.005701 seconds .

========================================================================
Received Import Request.
  Time since last request: 2.832422 seconds.
  path: Assets/Resources/Prefabs/Cell.prefab
  artifactKey: Guid(dafd52c63f275654d88f7a78a8b2540e) Importer(815301076,1909f56bfc062723c751e8b465ee728b)
Start importing Assets/Resources/Prefabs/Cell.prefab using Guid(dafd52c63f275654d88f7a78a8b2540e) Importer(815301076,1909f56bfc062723c751e8b465ee728b)  -> (artifact id: '014c05125751989bdf8c91215ce8fd7c') in 0.003029 seconds
  Import took 0.005459 seconds .

========================================================================
Received Import Request.
  Time since last request: 1.811145 seconds.
  path: Assets/Resources/Prefabs/Cell.prefab
  artifactKey: Guid(dafd52c63f275654d88f7a78a8b2540e) Importer(815301076,1909f56bfc062723c751e8b465ee728b)
Start importing Assets/Resources/Prefabs/Cell.prefab using Guid(dafd52c63f275654d88f7a78a8b2540e) Importer(815301076,1909f56bfc062723c751e8b465ee728b)  -> (artifact id: '6fc2beaec64939bffd56a6ccccaf7188') in 0.003507 seconds
  Import took 0.005933 seconds .

========================================================================
Received Import Request.
  Time since last request: 9.712188 seconds.
  path: Assets/Resources/Prefabs/Cell.prefab
  artifactKey: Guid(dafd52c63f275654d88f7a78a8b2540e) Importer(815301076,1909f56bfc062723c751e8b465ee728b)
Start importing Assets/Resources/Prefabs/Cell.prefab using Guid(dafd52c63f275654d88f7a78a8b2540e) Importer(815301076,1909f56bfc062723c751e8b465ee728b)  -> (artifact id: '2dec68cff79680fbd33d6ddea0a129cf') in 0.003098 seconds
  Import took 0.005336 seconds .

========================================================================
Received Import Request.
  Time since last request: 2.210054 seconds.
  path: Assets/Resources/Prefabs/Cell.prefab
  artifactKey: Guid(dafd52c63f275654d88f7a78a8b2540e) Importer(815301076,1909f56bfc062723c751e8b465ee728b)
Start importing Assets/Resources/Prefabs/Cell.prefab using Guid(dafd52c63f275654d88f7a78a8b2540e) Importer(815301076,1909f56bfc062723c751e8b465ee728b)  -> (artifact id: 'fb97d5652b5902adcd03b9307395525b') in 0.002828 seconds
  Import took 0.004998 seconds .

========================================================================
Received Import Request.
  Time since last request: 8.669694 seconds.
  path: Assets/Resources/Prefabs/Cell.prefab
  artifactKey: Guid(dafd52c63f275654d88f7a78a8b2540e) Importer(815301076,1909f56bfc062723c751e8b465ee728b)
Start importing Assets/Resources/Prefabs/Cell.prefab using Guid(dafd52c63f275654d88f7a78a8b2540e) Importer(815301076,1909f56bfc062723c751e8b465ee728b)  -> (artifact id: 'a09dfccfcef0a149c23fbc59ad27bcda') in 0.003089 seconds
  Import took 0.005505 seconds .

========================================================================
Received Import Request.
  Time since last request: 6.053352 seconds.
  path: Assets/Resources/Prefabs/Cell.prefab
  artifactKey: Guid(dafd52c63f275654d88f7a78a8b2540e) Importer(815301076,1909f56bfc062723c751e8b465ee728b)
Start importing Assets/Resources/Prefabs/Cell.prefab using Guid(dafd52c63f275654d88f7a78a8b2540e) Importer(815301076,1909f56bfc062723c751e8b465ee728b)  -> (artifact id: '36a293395b446add0328ce57b08b18da') in 0.002798 seconds
  Import took 0.005294 seconds .

========================================================================
Received Import Request.
  Time since last request: 2.641351 seconds.
  path: Assets/Resources/Prefabs/Cell.prefab
  artifactKey: Guid(dafd52c63f275654d88f7a78a8b2540e) Importer(815301076,1909f56bfc062723c751e8b465ee728b)
Start importing Assets/Resources/Prefabs/Cell.prefab using Guid(dafd52c63f275654d88f7a78a8b2540e) Importer(815301076,1909f56bfc062723c751e8b465ee728b)  -> (artifact id: 'c581c5e543b1aa4b7d502610a02c61a9') in 0.002889 seconds
  Import took 0.005409 seconds .

========================================================================
Received Import Request.
  Time since last request: 1.014040 seconds.
  path: Assets/Resources/Prefabs/Cell.prefab
  artifactKey: Guid(dafd52c63f275654d88f7a78a8b2540e) Importer(815301076,1909f56bfc062723c751e8b465ee728b)
Start importing Assets/Resources/Prefabs/Cell.prefab using Guid(dafd52c63f275654d88f7a78a8b2540e) Importer(815301076,1909f56bfc062723c751e8b465ee728b)  -> (artifact id: 'aaaa98ff99eb796033853cf085333662') in 0.002775 seconds
  Import took 0.004977 seconds .

========================================================================
Received Import Request.
  Time since last request: 0.220221 seconds.
  path: Assets/Resources/Prefabs/Cell.prefab
  artifactKey: Guid(dafd52c63f275654d88f7a78a8b2540e) Importer(815301076,1909f56bfc062723c751e8b465ee728b)
Start importing Assets/Resources/Prefabs/Cell.prefab using Guid(dafd52c63f275654d88f7a78a8b2540e) Importer(815301076,1909f56bfc062723c751e8b465ee728b)  -> (artifact id: '22a11d02de18ee3e0be55d3a0ccb8476') in 0.002988 seconds
  Import took 0.005184 seconds .

========================================================================
Received Import Request.
  Time since last request: 0.410013 seconds.
  path: Assets/Resources/Prefabs/Cell.prefab
  artifactKey: Guid(dafd52c63f275654d88f7a78a8b2540e) Importer(815301076,1909f56bfc062723c751e8b465ee728b)
Start importing Assets/Resources/Prefabs/Cell.prefab using Guid(dafd52c63f275654d88f7a78a8b2540e) Importer(815301076,1909f56bfc062723c751e8b465ee728b)  -> (artifact id: '30b63425ca28a1c72bd5a59eea8682c5') in 0.002940 seconds
  Import took 0.005810 seconds .

========================================================================
Received Import Request.
  Time since last request: 4.039637 seconds.
  path: Assets/Resources/Prefabs/Cell.prefab
  artifactKey: Guid(dafd52c63f275654d88f7a78a8b2540e) Importer(815301076,1909f56bfc062723c751e8b465ee728b)
Start importing Assets/Resources/Prefabs/Cell.prefab using Guid(dafd52c63f275654d88f7a78a8b2540e) Importer(815301076,1909f56bfc062723c751e8b465ee728b)  -> (artifact id: 'cccbe047f6a74e1944795c362badef62') in 0.003344 seconds
  Import took 0.005538 seconds .

========================================================================
Received Import Request.
  Time since last request: 2.671097 seconds.
  path: Assets/Resources/Prefabs/Cell.prefab
  artifactKey: Guid(dafd52c63f275654d88f7a78a8b2540e) Importer(815301076,1909f56bfc062723c751e8b465ee728b)
Start importing Assets/Resources/Prefabs/Cell.prefab using Guid(dafd52c63f275654d88f7a78a8b2540e) Importer(815301076,1909f56bfc062723c751e8b465ee728b)  -> (artifact id: '4e13cb0867ab34715b9282159c62d607') in 0.003466 seconds
  Import took 0.005970 seconds .

========================================================================
Received Import Request.
  Time since last request: 2.223251 seconds.
  path: Assets/Resources/Prefabs/Cell.prefab
  artifactKey: Guid(dafd52c63f275654d88f7a78a8b2540e) Importer(815301076,1909f56bfc062723c751e8b465ee728b)
Start importing Assets/Resources/Prefabs/Cell.prefab using Guid(dafd52c63f275654d88f7a78a8b2540e) Importer(815301076,1909f56bfc062723c751e8b465ee728b)  -> (artifact id: 'f3a24134e98e1dc5912ae57ef6ed28a8') in 0.003145 seconds
  Import took 0.005378 seconds .

========================================================================
Received Import Request.
  Time since last request: 9.141954 seconds.
  path: Assets/Resources/Prefabs/Cell.prefab
  artifactKey: Guid(dafd52c63f275654d88f7a78a8b2540e) Importer(815301076,1909f56bfc062723c751e8b465ee728b)
Start importing Assets/Resources/Prefabs/Cell.prefab using Guid(dafd52c63f275654d88f7a78a8b2540e) Importer(815301076,1909f56bfc062723c751e8b465ee728b)  -> (artifact id: '0cb93e688c22d2f42861ffa2b0b4e98e') in 0.003650 seconds
  Import took 0.006173 seconds .

========================================================================
Received Import Request.
  Time since last request: 1.241352 seconds.
  path: Assets/Resources/Prefabs/Cell.prefab
  artifactKey: Guid(dafd52c63f275654d88f7a78a8b2540e) Importer(815301076,1909f56bfc062723c751e8b465ee728b)
Start importing Assets/Resources/Prefabs/Cell.prefab using Guid(dafd52c63f275654d88f7a78a8b2540e) Importer(815301076,1909f56bfc062723c751e8b465ee728b)  -> (artifact id: '0a6f466207443fd76eb74225d33c8894') in 0.002612 seconds
  Import took 0.004859 seconds .

========================================================================
Received Import Request.
  Time since last request: 4.002159 seconds.
  path: Assets/Resources/Prefabs/Cell.prefab
  artifactKey: Guid(dafd52c63f275654d88f7a78a8b2540e) Importer(815301076,1909f56bfc062723c751e8b465ee728b)
Start importing Assets/Resources/Prefabs/Cell.prefab using Guid(dafd52c63f275654d88f7a78a8b2540e) Importer(815301076,1909f56bfc062723c751e8b465ee728b)  -> (artifact id: '05e2786abb29fa78c7affab84bdd2169') in 0.002786 seconds
  Import took 0.004998 seconds .

========================================================================
Received Import Request.
  Time since last request: 6.123246 seconds.
  path: Assets/Resources/Prefabs/Cell.prefab
  artifactKey: Guid(dafd52c63f275654d88f7a78a8b2540e) Importer(815301076,1909f56bfc062723c751e8b465ee728b)
Start importing Assets/Resources/Prefabs/Cell.prefab using Guid(dafd52c63f275654d88f7a78a8b2540e) Importer(815301076,1909f56bfc062723c751e8b465ee728b)  -> (artifact id: '2dd0e3f481f92ff33325ea2d72364297') in 0.002686 seconds
  Import took 0.004944 seconds .

========================================================================
Received Import Request.
  Time since last request: 5.899097 seconds.
  path: Assets/Resources/Prefabs/Cell.prefab
  artifactKey: Guid(dafd52c63f275654d88f7a78a8b2540e) Importer(815301076,1909f56bfc062723c751e8b465ee728b)
Start importing Assets/Resources/Prefabs/Cell.prefab using Guid(dafd52c63f275654d88f7a78a8b2540e) Importer(815301076,1909f56bfc062723c751e8b465ee728b)  -> (artifact id: '5526454c0a036352a3ccf2be0777d625') in 0.002820 seconds
  Import took 0.005000 seconds .

========================================================================
Received Import Request.
  Time since last request: 1.419294 seconds.
  path: Assets/Resources/Prefabs/Cell.prefab
  artifactKey: Guid(dafd52c63f275654d88f7a78a8b2540e) Importer(815301076,1909f56bfc062723c751e8b465ee728b)
Start importing Assets/Resources/Prefabs/Cell.prefab using Guid(dafd52c63f275654d88f7a78a8b2540e) Importer(815301076,1909f56bfc062723c751e8b465ee728b)  -> (artifact id: '6304fb85e4e17ef420b01876ece19ba6') in 0.003164 seconds
  Import took 0.005954 seconds .

========================================================================
Received Import Request.
  Time since last request: 3.847968 seconds.
  path: Assets/Resources/Prefabs/Cell.prefab
  artifactKey: Guid(dafd52c63f275654d88f7a78a8b2540e) Importer(815301076,1909f56bfc062723c751e8b465ee728b)
Start importing Assets/Resources/Prefabs/Cell.prefab using Guid(dafd52c63f275654d88f7a78a8b2540e) Importer(815301076,1909f56bfc062723c751e8b465ee728b)  -> (artifact id: '058e219a92f556d26d2d8181450bc614') in 0.002907 seconds
  Import took 0.005160 seconds .

========================================================================
Received Import Request.
  Time since last request: 6.668274 seconds.
  path: Assets/Resources/Prefabs/Cell.prefab
  artifactKey: Guid(dafd52c63f275654d88f7a78a8b2540e) Importer(815301076,1909f56bfc062723c751e8b465ee728b)
Start importing Assets/Resources/Prefabs/Cell.prefab using Guid(dafd52c63f275654d88f7a78a8b2540e) Importer(815301076,1909f56bfc062723c751e8b465ee728b)  -> (artifact id: '63b71b05c018ffb81a71b7db2985dd6b') in 0.002704 seconds
  Import took 0.005238 seconds .

========================================================================
Received Import Request.
  Time since last request: 6.346221 seconds.
  path: Assets/Resources/Prefabs/Cell.prefab
  artifactKey: Guid(dafd52c63f275654d88f7a78a8b2540e) Importer(815301076,1909f56bfc062723c751e8b465ee728b)
Start importing Assets/Resources/Prefabs/Cell.prefab using Guid(dafd52c63f275654d88f7a78a8b2540e) Importer(815301076,1909f56bfc062723c751e8b465ee728b)  -> (artifact id: '2ce84ffc6221a1e4c3e97e4fc9ef15df') in 0.002635 seconds
  Import took 0.004882 seconds .

========================================================================
Received Import Request.
  Time since last request: 8.489357 seconds.
  path: Assets/Resources/Prefabs/Cell.prefab
  artifactKey: Guid(dafd52c63f275654d88f7a78a8b2540e) Importer(815301076,1909f56bfc062723c751e8b465ee728b)
Start importing Assets/Resources/Prefabs/Cell.prefab using Guid(dafd52c63f275654d88f7a78a8b2540e) Importer(815301076,1909f56bfc062723c751e8b465ee728b)  -> (artifact id: 'c7a56c4e727049e48be397b555ff4abd') in 0.002884 seconds
  Import took 0.005324 seconds .

========================================================================
Received Import Request.
  Time since last request: 11.301988 seconds.
  path: Assets/Resources/Prefabs/Cell.prefab
  artifactKey: Guid(dafd52c63f275654d88f7a78a8b2540e) Importer(815301076,1909f56bfc062723c751e8b465ee728b)
Start importing Assets/Resources/Prefabs/Cell.prefab using Guid(dafd52c63f275654d88f7a78a8b2540e) Importer(815301076,1909f56bfc062723c751e8b465ee728b)  -> (artifact id: '0f1c0a66317401859e4c103d913d05a0') in 0.002748 seconds
  Import took 0.004987 seconds .

========================================================================
Received Import Request.
  Time since last request: 12.924170 seconds.
  path: Assets/Resources/Prefabs/Cell.prefab
  artifactKey: Guid(dafd52c63f275654d88f7a78a8b2540e) Importer(815301076,1909f56bfc062723c751e8b465ee728b)
Start importing Assets/Resources/Prefabs/Cell.prefab using Guid(dafd52c63f275654d88f7a78a8b2540e) Importer(815301076,1909f56bfc062723c751e8b465ee728b)  -> (artifact id: '512e4bca6f45800d2a39e283e170bdbd') in 0.003292 seconds
  Import took 0.006143 seconds .

========================================================================
Received Import Request.
  Time since last request: 1.623214 seconds.
  path: Assets/Resources/Prefabs/Cell.prefab
  artifactKey: Guid(dafd52c63f275654d88f7a78a8b2540e) Importer(815301076,1909f56bfc062723c751e8b465ee728b)
Start importing Assets/Resources/Prefabs/Cell.prefab using Guid(dafd52c63f275654d88f7a78a8b2540e) Importer(815301076,1909f56bfc062723c751e8b465ee728b)  -> (artifact id: 'e81a932e342388d46112057b04363e67') in 0.002808 seconds
  Import took 0.005001 seconds .

========================================================================
Received Import Request.
  Time since last request: 1.017482 seconds.
  path: Assets/Resources/Prefabs/Cell.prefab
  artifactKey: Guid(dafd52c63f275654d88f7a78a8b2540e) Importer(815301076,1909f56bfc062723c751e8b465ee728b)
Start importing Assets/Resources/Prefabs/Cell.prefab using Guid(dafd52c63f275654d88f7a78a8b2540e) Importer(815301076,1909f56bfc062723c751e8b465ee728b)  -> (artifact id: '6425b2062c78de3501cb3f32c36b6635') in 0.002984 seconds
  Import took 0.005808 seconds .

========================================================================
Received Import Request.
  Time since last request: 1.436720 seconds.
  path: Assets/Resources/Prefabs/Cell.prefab
  artifactKey: Guid(dafd52c63f275654d88f7a78a8b2540e) Importer(815301076,1909f56bfc062723c751e8b465ee728b)
Start importing Assets/Resources/Prefabs/Cell.prefab using Guid(dafd52c63f275654d88f7a78a8b2540e) Importer(815301076,1909f56bfc062723c751e8b465ee728b)  -> (artifact id: '969116089666e01c92b7e836f5eb2ef5') in 0.003508 seconds
  Import took 0.005875 seconds .

========================================================================
Received Import Request.
  Time since last request: 2.250195 seconds.
  path: Assets/Resources/Prefabs/Cell.prefab
  artifactKey: Guid(dafd52c63f275654d88f7a78a8b2540e) Importer(815301076,1909f56bfc062723c751e8b465ee728b)
Start importing Assets/Resources/Prefabs/Cell.prefab using Guid(dafd52c63f275654d88f7a78a8b2540e) Importer(815301076,1909f56bfc062723c751e8b465ee728b)  -> (artifact id: '36ec964e02ea74df48d70b07d212e052') in 0.003275 seconds
  Import took 0.005503 seconds .

========================================================================
Received Import Request.
  Time since last request: 8.060568 seconds.
  path: Assets/Resources/Prefabs/Cell.prefab
  artifactKey: Guid(dafd52c63f275654d88f7a78a8b2540e) Importer(815301076,1909f56bfc062723c751e8b465ee728b)
Start importing Assets/Resources/Prefabs/Cell.prefab using Guid(dafd52c63f275654d88f7a78a8b2540e) Importer(815301076,1909f56bfc062723c751e8b465ee728b)  -> (artifact id: '05c7f282f6026e1623ee3dec23e7c0ce') in 0.003337 seconds
  Import took 0.005916 seconds .

========================================================================
Received Prepare
Registering precompiled user dll's ...
Registered in 0.000429 seconds.
Begin MonoManager ReloadAssembly
Native extension for WindowsStandalone target not found
Refreshing native plugins compatible for Editor in 0.26 ms, found 1 plugins.
Preloading 0 native plugins for Editor in 0.00 ms.
Invoked RoslynAnalysisRunner static constructor.
RoslynAnalysisRunner will not be running.
RoslynAnalysisRunner has terminated.
Mono: successfully reloaded assembly
- Completed reload, in  0.674 seconds
Platform modules already initialized, skipping
Refreshing native plugins compatible for Editor in 0.24 ms, found 1 plugins.
Preloading 0 native plugins for Editor in 0.00 ms.
Unloading 1802 Unused Serialized files (Serialized files now loaded: 0)
System memory in use before: 84.7 MB.
System memory in use after: 84.7 MB.

Unloading 12 unused Assets to reduce memory usage. Loaded Objects now: 2255.
Total: 2.732000 ms (FindLiveObjects: 0.371600 ms CreateObjectMapping: 0.170400 ms MarkObjects: 2.116200 ms  DeleteObjects: 0.072100 ms)

========================================================================
Received Prepare
Registering precompiled user dll's ...
Registered in 0.000486 seconds.
Begin MonoManager ReloadAssembly
Native extension for WindowsStandalone target not found
Refreshing native plugins compatible for Editor in 0.27 ms, found 1 plugins.
Preloading 0 native plugins for Editor in 0.00 ms.
Invoked RoslynAnalysisRunner static constructor.
RoslynAnalysisRunner will not be running.
RoslynAnalysisRunner has terminated.
Mono: successfully reloaded assembly
- Completed reload, in  0.676 seconds
Platform modules already initialized, skipping
Refreshing native plugins compatible for Editor in 0.25 ms, found 1 plugins.
Preloading 0 native plugins for Editor in 0.00 ms.
Unloading 1802 Unused Serialized files (Serialized files now loaded: 0)
System memory in use before: 84.7 MB.
System memory in use after: 84.7 MB.

Unloading 12 unused Assets to reduce memory usage. Loaded Objects now: 2259.
Total: 1.576700 ms (FindLiveObjects: 0.119700 ms CreateObjectMapping: 0.049200 ms MarkObjects: 1.291200 ms  DeleteObjects: 0.116100 ms)

========================================================================
Received Prepare
Registering precompiled user dll's ...
Registered in 0.000485 seconds.
Begin MonoManager ReloadAssembly
Native extension for WindowsStandalone target not found
Refreshing native plugins compatible for Editor in 0.29 ms, found 1 plugins.
Preloading 0 native plugins for Editor in 0.00 ms.
Invoked RoslynAnalysisRunner static constructor.
RoslynAnalysisRunner will not be running.
RoslynAnalysisRunner has terminated.
Mono: successfully reloaded assembly
- Completed reload, in  0.656 seconds
Platform modules already initialized, skipping
Refreshing native plugins compatible for Editor in 0.24 ms, found 1 plugins.
Preloading 0 native plugins for Editor in 0.00 ms.
Unloading 1802 Unused Serialized files (Serialized files now loaded: 0)
System memory in use before: 84.7 MB.
System memory in use after: 84.7 MB.

Unloading 12 unused Assets to reduce memory usage. Loaded Objects now: 2263.
Total: 1.608900 ms (FindLiveObjects: 0.122600 ms CreateObjectMapping: 0.046600 ms MarkObjects: 1.325200 ms  DeleteObjects: 0.113800 ms)

========================================================================
Received Prepare
Registering precompiled user dll's ...
Registered in 0.000475 seconds.
Begin MonoManager ReloadAssembly
Native extension for WindowsStandalone target not found
Refreshing native plugins compatible for Editor in 0.26 ms, found 1 plugins.
Preloading 0 native plugins for Editor in 0.00 ms.
Invoked RoslynAnalysisRunner static constructor.
RoslynAnalysisRunner will not be running.
RoslynAnalysisRunner has terminated.
Mono: successfully reloaded assembly
- Completed reload, in  0.650 seconds
Platform modules already initialized, skipping
Refreshing native plugins compatible for Editor in 0.25 ms, found 1 plugins.
Preloading 0 native plugins for Editor in 0.00 ms.
Unloading 1802 Unused Serialized files (Serialized files now loaded: 0)
System memory in use before: 84.7 MB.
System memory in use after: 84.7 MB.

Unloading 12 unused Assets to reduce memory usage. Loaded Objects now: 2267.
Total: 3.528800 ms (FindLiveObjects: 0.475000 ms CreateObjectMapping: 0.224600 ms MarkObjects: 2.754700 ms  DeleteObjects: 0.072400 ms)

========================================================================
Received Prepare
Registering precompiled user dll's ...
Registered in 0.000478 seconds.
Begin MonoManager ReloadAssembly
Native extension for WindowsStandalone target not found
Refreshing native plugins compatible for Editor in 0.33 ms, found 1 plugins.
Preloading 0 native plugins for Editor in 0.00 ms.
Invoked RoslynAnalysisRunner static constructor.
RoslynAnalysisRunner will not be running.
RoslynAnalysisRunner has terminated.
Mono: successfully reloaded assembly
- Completed reload, in  0.665 seconds
Platform modules already initialized, skipping
Refreshing native plugins compatible for Editor in 0.25 ms, found 1 plugins.
Preloading 0 native plugins for Editor in 0.00 ms.
Unloading 1802 Unused Serialized files (Serialized files now loaded: 0)
System memory in use before: 84.7 MB.
System memory in use after: 84.7 MB.

Unloading 12 unused Assets to reduce memory usage. Loaded Objects now: 2271.
Total: 1.591300 ms (FindLiveObjects: 0.122900 ms CreateObjectMapping: 0.046900 ms MarkObjects: 1.343800 ms  DeleteObjects: 0.077000 ms)

========================================================================
Received Prepare
Registering precompiled user dll's ...
Registered in 0.000543 seconds.
Begin MonoManager ReloadAssembly
Native extension for WindowsStandalone target not found
Refreshing native plugins compatible for Editor in 0.43 ms, found 1 plugins.
Preloading 0 native plugins for Editor in 0.00 ms.
Invoked RoslynAnalysisRunner static constructor.
RoslynAnalysisRunner will not be running.
RoslynAnalysisRunner has terminated.
Mono: successfully reloaded assembly
- Completed reload, in  0.919 seconds
Platform modules already initialized, skipping
Refreshing native plugins compatible for Editor in 0.50 ms, found 1 plugins.
Preloading 0 native plugins for Editor in 0.00 ms.
Unloading 1802 Unused Serialized files (Serialized files now loaded: 0)
System memory in use before: 84.7 MB.
System memory in use after: 84.7 MB.

Unloading 12 unused Assets to reduce memory usage. Loaded Objects now: 2275.
Total: 2.178700 ms (FindLiveObjects: 0.217500 ms CreateObjectMapping: 0.113200 ms MarkObjects: 1.748900 ms  DeleteObjects: 0.098100 ms)

========================================================================
Received Prepare
Registering precompiled user dll's ...
Registered in 0.000475 seconds.
Begin MonoManager ReloadAssembly
Native extension for WindowsStandalone target not found
Refreshing native plugins compatible for Editor in 0.27 ms, found 1 plugins.
Preloading 0 native plugins for Editor in 0.00 ms.
Invoked RoslynAnalysisRunner static constructor.
RoslynAnalysisRunner will not be running.
RoslynAnalysisRunner has terminated.
Mono: successfully reloaded assembly
- Completed reload, in  0.671 seconds
Platform modules already initialized, skipping
Refreshing native plugins compatible for Editor in 0.26 ms, found 1 plugins.
Preloading 0 native plugins for Editor in 0.00 ms.
Unloading 1802 Unused Serialized files (Serialized files now loaded: 0)
System memory in use before: 84.8 MB.
System memory in use after: 84.8 MB.

Unloading 12 unused Assets to reduce memory usage. Loaded Objects now: 2279.
Total: 1.624100 ms (FindLiveObjects: 0.131900 ms CreateObjectMapping: 0.047800 ms MarkObjects: 1.362900 ms  DeleteObjects: 0.081000 ms)

========================================================================
Received Prepare
Registering precompiled user dll's ...
Registered in 0.000650 seconds.
Begin MonoManager ReloadAssembly
Native extension for WindowsStandalone target not found
Refreshing native plugins compatible for Editor in 0.27 ms, found 1 plugins.
Preloading 0 native plugins for Editor in 0.00 ms.
Invoked RoslynAnalysisRunner static constructor.
RoslynAnalysisRunner will not be running.
RoslynAnalysisRunner has terminated.
Mono: successfully reloaded assembly
- Completed reload, in  0.656 seconds
Platform modules already initialized, skipping
Refreshing native plugins compatible for Editor in 0.24 ms, found 1 plugins.
Preloading 0 native plugins for Editor in 0.00 ms.
Unloading 1802 Unused Serialized files (Serialized files now loaded: 0)
System memory in use before: 84.8 MB.
System memory in use after: 84.8 MB.

Unloading 12 unused Assets to reduce memory usage. Loaded Objects now: 2283.
Total: 4.644600 ms (FindLiveObjects: 0.488800 ms CreateObjectMapping: 0.237800 ms MarkObjects: 3.798900 ms  DeleteObjects: 0.116700 ms)

========================================================================
Received Prepare
Registering precompiled user dll's ...
Registered in 0.000509 seconds.
Begin MonoManager ReloadAssembly
Native extension for WindowsStandalone target not found
Refreshing native plugins compatible for Editor in 0.29 ms, found 1 plugins.
Preloading 0 native plugins for Editor in 0.00 ms.
Invoked RoslynAnalysisRunner static constructor.
RoslynAnalysisRunner will not be running.
RoslynAnalysisRunner has terminated.
Mono: successfully reloaded assembly
- Completed reload, in  0.664 seconds
Platform modules already initialized, skipping
Refreshing native plugins compatible for Editor in 0.25 ms, found 1 plugins.
Preloading 0 native plugins for Editor in 0.00 ms.
Unloading 1802 Unused Serialized files (Serialized files now loaded: 0)
System memory in use before: 84.8 MB.
System memory in use after: 84.8 MB.

Unloading 12 unused Assets to reduce memory usage. Loaded Objects now: 2287.
Total: 1.576300 ms (FindLiveObjects: 0.120800 ms CreateObjectMapping: 0.045900 ms MarkObjects: 1.334300 ms  DeleteObjects: 0.074500 ms)

========================================================================
Received Prepare
Registering precompiled user dll's ...
Registered in 0.000469 seconds.
Begin MonoManager ReloadAssembly
Native extension for WindowsStandalone target not found
Refreshing native plugins compatible for Editor in 0.27 ms, found 1 plugins.
Preloading 0 native plugins for Editor in 0.00 ms.
Invoked RoslynAnalysisRunner static constructor.
RoslynAnalysisRunner will not be running.
RoslynAnalysisRunner has terminated.
Mono: successfully reloaded assembly
- Completed reload, in  0.662 seconds
Platform modules already initialized, skipping
Refreshing native plugins compatible for Editor in 0.26 ms, found 1 plugins.
Preloading 0 native plugins for Editor in 0.00 ms.
Unloading 1802 Unused Serialized files (Serialized files now loaded: 0)
System memory in use before: 84.8 MB.
System memory in use after: 84.8 MB.

Unloading 12 unused Assets to reduce memory usage. Loaded Objects now: 2291.
Total: 2.119500 ms (FindLiveObjects: 0.257900 ms CreateObjectMapping: 0.091500 ms MarkObjects: 1.655000 ms  DeleteObjects: 0.113400 ms)

========================================================================
Received Prepare
Registering precompiled user dll's ...
Registered in 0.000513 seconds.
Begin MonoManager ReloadAssembly
Native extension for WindowsStandalone target not found
Refreshing native plugins compatible for Editor in 0.26 ms, found 1 plugins.
Preloading 0 native plugins for Editor in 0.00 ms.
Invoked RoslynAnalysisRunner static constructor.
RoslynAnalysisRunner will not be running.
RoslynAnalysisRunner has terminated.
Mono: successfully reloaded assembly
- Completed reload, in  0.644 seconds
Platform modules already initialized, skipping
Refreshing native plugins compatible for Editor in 0.26 ms, found 1 plugins.
Preloading 0 native plugins for Editor in 0.00 ms.
Unloading 1802 Unused Serialized files (Serialized files now loaded: 0)
System memory in use before: 84.8 MB.
System memory in use after: 84.8 MB.

Unloading 12 unused Assets to reduce memory usage. Loaded Objects now: 2295.
Total: 1.747500 ms (FindLiveObjects: 0.229600 ms CreateObjectMapping: 0.052300 ms MarkObjects: 1.347800 ms  DeleteObjects: 0.117200 ms)

========================================================================
Received Prepare
Registering precompiled user dll's ...
Registered in 0.000488 seconds.
Begin MonoManager ReloadAssembly
Native extension for WindowsStandalone target not found
Refreshing native plugins compatible for Editor in 0.26 ms, found 1 plugins.
Preloading 0 native plugins for Editor in 0.00 ms.
Invoked RoslynAnalysisRunner static constructor.
RoslynAnalysisRunner will not be running.
RoslynAnalysisRunner has terminated.
Mono: successfully reloaded assembly
- Completed reload, in  0.664 seconds
Platform modules already initialized, skipping
Refreshing native plugins compatible for Editor in 0.23 ms, found 1 plugins.
Preloading 0 native plugins for Editor in 0.00 ms.
Unloading 1802 Unused Serialized files (Serialized files now loaded: 0)
System memory in use before: 84.8 MB.
System memory in use after: 84.8 MB.

Unloading 12 unused Assets to reduce memory usage. Loaded Objects now: 2299.
Total: 1.609500 ms (FindLiveObjects: 0.119800 ms CreateObjectMapping: 0.046300 ms MarkObjects: 1.358100 ms  DeleteObjects: 0.084500 ms)

========================================================================
Received Prepare
Registering precompiled user dll's ...
Registered in 0.000515 seconds.
Begin MonoManager ReloadAssembly
Native extension for WindowsStandalone target not found
Refreshing native plugins compatible for Editor in 0.27 ms, found 1 plugins.
Preloading 0 native plugins for Editor in 0.00 ms.
Invoked RoslynAnalysisRunner static constructor.
RoslynAnalysisRunner will not be running.
RoslynAnalysisRunner has terminated.
Mono: successfully reloaded assembly
- Completed reload, in  0.645 seconds
Platform modules already initialized, skipping
Refreshing native plugins compatible for Editor in 0.25 ms, found 1 plugins.
Preloading 0 native plugins for Editor in 0.00 ms.
Unloading 1802 Unused Serialized files (Serialized files now loaded: 0)
System memory in use before: 84.8 MB.
System memory in use after: 84.8 MB.

Unloading 12 unused Assets to reduce memory usage. Loaded Objects now: 2303.
Total: 1.592700 ms (FindLiveObjects: 0.122400 ms CreateObjectMapping: 0.047400 ms MarkObjects: 1.346300 ms  DeleteObjects: 0.075900 ms)

========================================================================
Received Prepare
Registering precompiled user dll's ...
Registered in 0.000597 seconds.
Begin MonoManager ReloadAssembly
Native extension for WindowsStandalone target not found
Refreshing native plugins compatible for Editor in 0.27 ms, found 1 plugins.
Preloading 0 native plugins for Editor in 0.00 ms.
Invoked RoslynAnalysisRunner static constructor.
RoslynAnalysisRunner will not be running.
RoslynAnalysisRunner has terminated.
Mono: successfully reloaded assembly
- Completed reload, in  0.661 seconds
Platform modules already initialized, skipping
Refreshing native plugins compatible for Editor in 0.24 ms, found 1 plugins.
Preloading 0 native plugins for Editor in 0.00 ms.
Unloading 1802 Unused Serialized files (Serialized files now loaded: 0)
System memory in use before: 84.8 MB.
System memory in use after: 84.8 MB.

Unloading 12 unused Assets to reduce memory usage. Loaded Objects now: 2307.
Total: 1.603500 ms (FindLiveObjects: 0.127700 ms CreateObjectMapping: 0.048700 ms MarkObjects: 1.313500 ms  DeleteObjects: 0.112800 ms)

